INFO - 2024-01-23 00:31:57 --> Session: Class initialized using 'CodeIgniter\Session\Handlers\FileHandler' driver.
INFO - 2024-01-23 00:32:31 --> Session: Class initialized using 'CodeIgniter\Session\Handlers\FileHandler' driver.
INFO - 2024-01-23 00:34:29 --> Session: Class initialized using 'CodeIgniter\Session\Handlers\FileHandler' driver.
INFO - 2024-01-23 00:50:39 --> Session: Class initialized using 'CodeIgniter\Session\Handlers\FileHandler' driver.
INFO - 2024-01-23 00:55:11 --> Session: Class initialized using 'CodeIgniter\Session\Handlers\FileHandler' driver.
INFO - 2024-01-23 00:56:08 --> Session: Class initialized using 'CodeIgniter\Session\Handlers\FileHandler' driver.
INFO - 2024-01-23 01:00:22 --> Session: Class initialized using 'CodeIgniter\Session\Handlers\FileHandler' driver.
INFO - 2024-01-23 01:00:23 --> Session: Class initialized using 'CodeIgniter\Session\Handlers\FileHandler' driver.
INFO - 2024-01-23 01:01:30 --> Session: Class initialized using 'CodeIgniter\Session\Handlers\FileHandler' driver.
INFO - 2024-01-23 01:02:05 --> Session: Class initialized using 'CodeIgniter\Session\Handlers\FileHandler' driver.
INFO - 2024-01-23 01:04:32 --> Session: Class initialized using 'CodeIgniter\Session\Handlers\FileHandler' driver.
INFO - 2024-01-23 01:06:51 --> Session: Class initialized using 'CodeIgniter\Session\Handlers\FileHandler' driver.
INFO - 2024-01-23 01:06:55 --> Session: Class initialized using 'CodeIgniter\Session\Handlers\FileHandler' driver.
INFO - 2024-01-23 01:07:34 --> Session: Class initialized using 'CodeIgniter\Session\Handlers\FileHandler' driver.
INFO - 2024-01-23 01:07:50 --> Session: Class initialized using 'CodeIgniter\Session\Handlers\FileHandler' driver.
INFO - 2024-01-23 01:07:51 --> Session: Class initialized using 'CodeIgniter\Session\Handlers\FileHandler' driver.
INFO - 2024-01-23 01:08:54 --> Session: Class initialized using 'CodeIgniter\Session\Handlers\FileHandler' driver.
INFO - 2024-01-23 01:08:55 --> Session: Class initialized using 'CodeIgniter\Session\Handlers\FileHandler' driver.
INFO - 2024-01-23 01:10:18 --> Session: Class initialized using 'CodeIgniter\Session\Handlers\FileHandler' driver.
INFO - 2024-01-23 01:10:19 --> Session: Class initialized using 'CodeIgniter\Session\Handlers\FileHandler' driver.
INFO - 2024-01-23 01:39:35 --> Session: Class initialized using 'CodeIgniter\Session\Handlers\FileHandler' driver.
CRITICAL - 2024-01-23 07:06:39 --> ErrorException: Undefined variable: buku
in APPPATH\Views\admin\tabelDaftarBuku.php on line 141.
 1 APPPATH\Views\admin\tabelDaftarBuku.php(141): CodeIgniter\Debug\Exceptions->errorHandler(8, 'Undefined variable: buku', 'D:\\xampp\\htdocs\\ujian-kompetensi\\perpuskuy\\app\\Views\\admin\\tabelDaftarBuku.php', 141, [])
 2 SYSTEMPATH\View\View.php(228): include('D:\\xampp\\htdocs\\ujian-kompetensi\\perpuskuy\\app\\Views\\admin\\tabelDaftarBuku.php')
 3 SYSTEMPATH\View\View.php(231): CodeIgniter\View\View->CodeIgniter\View\{closure}()
 4 SYSTEMPATH\Common.php(1178): CodeIgniter\View\View->render('admin/tabelDaftarBuku', [], true)
 5 APPPATH\Controllers\Admin.php(22): view('admin/tabelDaftarBuku')
 6 SYSTEMPATH\CodeIgniter.php(941): App\Controllers\Admin->daftarBuku()
 7 SYSTEMPATH\CodeIgniter.php(502): CodeIgniter\CodeIgniter->runController(Object(App\Controllers\Admin))
 8 SYSTEMPATH\CodeIgniter.php(361): CodeIgniter\CodeIgniter->handleRequest(null, Object(Config\Cache), false)
 9 FCPATH\index.php(79): CodeIgniter\CodeIgniter->run()
CRITICAL - 2024-01-23 07:07:16 --> ErrorException: Undefined variable: bukuModel
in APPPATH\Views\admin\tabelDaftarBuku.php on line 141.
 1 APPPATH\Views\admin\tabelDaftarBuku.php(141): CodeIgniter\Debug\Exceptions->errorHandler(8, 'Undefined variable: bukuModel', 'D:\\xampp\\htdocs\\ujian-kompetensi\\perpuskuy\\app\\Views\\admin\\tabelDaftarBuku.php', 141, [])
 2 SYSTEMPATH\View\View.php(228): include('D:\\xampp\\htdocs\\ujian-kompetensi\\perpuskuy\\app\\Views\\admin\\tabelDaftarBuku.php')
 3 SYSTEMPATH\View\View.php(231): CodeIgniter\View\View->CodeIgniter\View\{closure}()
 4 SYSTEMPATH\Common.php(1178): CodeIgniter\View\View->render('admin/tabelDaftarBuku', [], true)
 5 APPPATH\Controllers\Admin.php(22): view('admin/tabelDaftarBuku')
 6 SYSTEMPATH\CodeIgniter.php(941): App\Controllers\Admin->daftarBuku()
 7 SYSTEMPATH\CodeIgniter.php(502): CodeIgniter\CodeIgniter->runController(Object(App\Controllers\Admin))
 8 SYSTEMPATH\CodeIgniter.php(361): CodeIgniter\CodeIgniter->handleRequest(null, Object(Config\Cache), false)
 9 FCPATH\index.php(79): CodeIgniter\CodeIgniter->run()
CRITICAL - 2024-01-23 07:11:39 --> ErrorException: Undefined variable: buku
in APPPATH\Views\admin\tabelDaftarBuku.php on line 141.
 1 APPPATH\Views\admin\tabelDaftarBuku.php(141): CodeIgniter\Debug\Exceptions->errorHandler(8, 'Undefined variable: buku', 'D:\\xampp\\htdocs\\ujian-kompetensi\\perpuskuy\\app\\Views\\admin\\tabelDaftarBuku.php', 141, [])
 2 SYSTEMPATH\View\View.php(228): include('D:\\xampp\\htdocs\\ujian-kompetensi\\perpuskuy\\app\\Views\\admin\\tabelDaftarBuku.php')
 3 SYSTEMPATH\View\View.php(231): CodeIgniter\View\View->CodeIgniter\View\{closure}()
 4 SYSTEMPATH\Common.php(1178): CodeIgniter\View\View->render('admin/tabelDaftarBuku', [], true)
 5 APPPATH\Controllers\Admin.php(22): view('admin/tabelDaftarBuku')
 6 SYSTEMPATH\CodeIgniter.php(941): App\Controllers\Admin->daftarBuku()
 7 SYSTEMPATH\CodeIgniter.php(502): CodeIgniter\CodeIgniter->runController(Object(App\Controllers\Admin))
 8 SYSTEMPATH\CodeIgniter.php(361): CodeIgniter\CodeIgniter->handleRequest(null, Object(Config\Cache), false)
 9 FCPATH\index.php(79): CodeIgniter\CodeIgniter->run()
CRITICAL - 2024-01-23 07:12:11 --> ErrorException: Undefined variable: buku
in APPPATH\Views\admin\tabelDaftarBuku.php on line 141.
 1 APPPATH\Views\admin\tabelDaftarBuku.php(141): CodeIgniter\Debug\Exceptions->errorHandler(8, 'Undefined variable: buku', 'D:\\xampp\\htdocs\\ujian-kompetensi\\perpuskuy\\app\\Views\\admin\\tabelDaftarBuku.php', 141, [])
 2 SYSTEMPATH\View\View.php(228): include('D:\\xampp\\htdocs\\ujian-kompetensi\\perpuskuy\\app\\Views\\admin\\tabelDaftarBuku.php')
 3 SYSTEMPATH\View\View.php(231): CodeIgniter\View\View->CodeIgniter\View\{closure}()
 4 SYSTEMPATH\Common.php(1178): CodeIgniter\View\View->render('admin/tabelDaftarBuku', [], true)
 5 APPPATH\Controllers\Admin.php(22): view('admin/tabelDaftarBuku')
 6 SYSTEMPATH\CodeIgniter.php(941): App\Controllers\Admin->daftarBuku()
 7 SYSTEMPATH\CodeIgniter.php(502): CodeIgniter\CodeIgniter->runController(Object(App\Controllers\Admin))
 8 SYSTEMPATH\CodeIgniter.php(361): CodeIgniter\CodeIgniter->handleRequest(null, Object(Config\Cache), false)
 9 FCPATH\index.php(79): CodeIgniter\CodeIgniter->run()
CRITICAL - 2024-01-23 07:13:15 --> ErrorException: Undefined variable: modelBuku
in APPPATH\Views\admin\tabelDaftarBuku.php on line 141.
 1 APPPATH\Views\admin\tabelDaftarBuku.php(141): CodeIgniter\Debug\Exceptions->errorHandler(8, 'Undefined variable: modelBuku', 'D:\\xampp\\htdocs\\ujian-kompetensi\\perpuskuy\\app\\Views\\admin\\tabelDaftarBuku.php', 141, [])
 2 SYSTEMPATH\View\View.php(228): include('D:\\xampp\\htdocs\\ujian-kompetensi\\perpuskuy\\app\\Views\\admin\\tabelDaftarBuku.php')
 3 SYSTEMPATH\View\View.php(231): CodeIgniter\View\View->CodeIgniter\View\{closure}()
 4 SYSTEMPATH\Common.php(1178): CodeIgniter\View\View->render('admin/tabelDaftarBuku', [], true)
 5 APPPATH\Controllers\Admin.php(22): view('admin/tabelDaftarBuku')
 6 SYSTEMPATH\CodeIgniter.php(941): App\Controllers\Admin->daftarBuku()
 7 SYSTEMPATH\CodeIgniter.php(502): CodeIgniter\CodeIgniter->runController(Object(App\Controllers\Admin))
 8 SYSTEMPATH\CodeIgniter.php(361): CodeIgniter\CodeIgniter->handleRequest(null, Object(Config\Cache), false)
 9 FCPATH\index.php(79): CodeIgniter\CodeIgniter->run()
CRITICAL - 2024-01-23 07:14:34 --> ErrorException: Undefined variable: buku
in APPPATH\Views\admin\tabelDaftarBuku.php on line 141.
 1 APPPATH\Views\admin\tabelDaftarBuku.php(141): CodeIgniter\Debug\Exceptions->errorHandler(8, 'Undefined variable: buku', 'D:\\xampp\\htdocs\\ujian-kompetensi\\perpuskuy\\app\\Views\\admin\\tabelDaftarBuku.php', 141, [])
 2 SYSTEMPATH\View\View.php(228): include('D:\\xampp\\htdocs\\ujian-kompetensi\\perpuskuy\\app\\Views\\admin\\tabelDaftarBuku.php')
 3 SYSTEMPATH\View\View.php(231): CodeIgniter\View\View->CodeIgniter\View\{closure}()
 4 SYSTEMPATH\Common.php(1178): CodeIgniter\View\View->render('admin/tabelDaftarBuku', [], true)
 5 APPPATH\Controllers\Admin.php(22): view('admin/tabelDaftarBuku')
 6 SYSTEMPATH\CodeIgniter.php(941): App\Controllers\Admin->daftarBuku()
 7 SYSTEMPATH\CodeIgniter.php(502): CodeIgniter\CodeIgniter->runController(Object(App\Controllers\Admin))
 8 SYSTEMPATH\CodeIgniter.php(361): CodeIgniter\CodeIgniter->handleRequest(null, Object(Config\Cache), false)
 9 FCPATH\index.php(79): CodeIgniter\CodeIgniter->run()
CRITICAL - 2024-01-23 07:15:56 --> ErrorException: Undefined variable: buku
in APPPATH\Views\admin\tabelDaftarBuku.php on line 141.
 1 APPPATH\Views\admin\tabelDaftarBuku.php(141): CodeIgniter\Debug\Exceptions->errorHandler(8, 'Undefined variable: buku', 'D:\\xampp\\htdocs\\ujian-kompetensi\\perpuskuy\\app\\Views\\admin\\tabelDaftarBuku.php', 141, [])
 2 SYSTEMPATH\View\View.php(228): include('D:\\xampp\\htdocs\\ujian-kompetensi\\perpuskuy\\app\\Views\\admin\\tabelDaftarBuku.php')
 3 SYSTEMPATH\View\View.php(231): CodeIgniter\View\View->CodeIgniter\View\{closure}()
 4 SYSTEMPATH\Common.php(1178): CodeIgniter\View\View->render('admin/tabelDaftarBuku', [], true)
 5 APPPATH\Controllers\Admin.php(22): view('admin/tabelDaftarBuku')
 6 SYSTEMPATH\CodeIgniter.php(941): App\Controllers\Admin->daftarBuku()
 7 SYSTEMPATH\CodeIgniter.php(502): CodeIgniter\CodeIgniter->runController(Object(App\Controllers\Admin))
 8 SYSTEMPATH\CodeIgniter.php(361): CodeIgniter\CodeIgniter->handleRequest(null, Object(Config\Cache), false)
 9 FCPATH\index.php(79): CodeIgniter\CodeIgniter->run()
CRITICAL - 2024-01-23 07:16:23 --> ErrorException: Undefined variable: buku
in APPPATH\Views\admin\tabelDaftarBuku.php on line 141.
 1 APPPATH\Views\admin\tabelDaftarBuku.php(141): CodeIgniter\Debug\Exceptions->errorHandler(8, 'Undefined variable: buku', 'D:\\xampp\\htdocs\\ujian-kompetensi\\perpuskuy\\app\\Views\\admin\\tabelDaftarBuku.php', 141, [])
 2 SYSTEMPATH\View\View.php(228): include('D:\\xampp\\htdocs\\ujian-kompetensi\\perpuskuy\\app\\Views\\admin\\tabelDaftarBuku.php')
 3 SYSTEMPATH\View\View.php(231): CodeIgniter\View\View->CodeIgniter\View\{closure}()
 4 SYSTEMPATH\Common.php(1178): CodeIgniter\View\View->render('admin/tabelDaftarBuku', [], true)
 5 APPPATH\Controllers\Admin.php(22): view('admin/tabelDaftarBuku')
 6 SYSTEMPATH\CodeIgniter.php(941): App\Controllers\Admin->daftarBuku()
 7 SYSTEMPATH\CodeIgniter.php(502): CodeIgniter\CodeIgniter->runController(Object(App\Controllers\Admin))
 8 SYSTEMPATH\CodeIgniter.php(361): CodeIgniter\CodeIgniter->handleRequest(null, Object(Config\Cache), false)
 9 FCPATH\index.php(79): CodeIgniter\CodeIgniter->run()
CRITICAL - 2024-01-23 07:21:15 --> ErrorException: Undefined variable: buku
in APPPATH\Views\admin\tabelDaftarBuku.php on line 141.
 1 APPPATH\Views\admin\tabelDaftarBuku.php(141): CodeIgniter\Debug\Exceptions->errorHandler(8, 'Undefined variable: buku', 'D:\\xampp\\htdocs\\ujian-kompetensi\\perpuskuy\\app\\Views\\admin\\tabelDaftarBuku.php', 141, [])
 2 SYSTEMPATH\View\View.php(228): include('D:\\xampp\\htdocs\\ujian-kompetensi\\perpuskuy\\app\\Views\\admin\\tabelDaftarBuku.php')
 3 SYSTEMPATH\View\View.php(231): CodeIgniter\View\View->CodeIgniter\View\{closure}()
 4 SYSTEMPATH\Common.php(1178): CodeIgniter\View\View->render('admin/tabelDaftarBuku', [], true)
 5 APPPATH\Controllers\Admin.php(22): view('admin/tabelDaftarBuku')
 6 SYSTEMPATH\CodeIgniter.php(941): App\Controllers\Admin->daftarBuku()
 7 SYSTEMPATH\CodeIgniter.php(502): CodeIgniter\CodeIgniter->runController(Object(App\Controllers\Admin))
 8 SYSTEMPATH\CodeIgniter.php(361): CodeIgniter\CodeIgniter->handleRequest(null, Object(Config\Cache), false)
 9 FCPATH\index.php(79): CodeIgniter\CodeIgniter->run()
CRITICAL - 2024-01-23 07:23:20 --> ErrorException: Undefined variable: modelBuku
in APPPATH\Views\admin\tabelDaftarBuku.php on line 141.
 1 APPPATH\Views\admin\tabelDaftarBuku.php(141): CodeIgniter\Debug\Exceptions->errorHandler(8, 'Undefined variable: modelBuku', 'D:\\xampp\\htdocs\\ujian-kompetensi\\perpuskuy\\app\\Views\\admin\\tabelDaftarBuku.php', 141, [])
 2 SYSTEMPATH\View\View.php(228): include('D:\\xampp\\htdocs\\ujian-kompetensi\\perpuskuy\\app\\Views\\admin\\tabelDaftarBuku.php')
 3 SYSTEMPATH\View\View.php(231): CodeIgniter\View\View->CodeIgniter\View\{closure}()
 4 SYSTEMPATH\Common.php(1178): CodeIgniter\View\View->render('admin/tabelDaftarBuku', [], true)
 5 APPPATH\Controllers\Admin.php(22): view('admin/tabelDaftarBuku')
 6 SYSTEMPATH\CodeIgniter.php(941): App\Controllers\Admin->daftarBuku()
 7 SYSTEMPATH\CodeIgniter.php(502): CodeIgniter\CodeIgniter->runController(Object(App\Controllers\Admin))
 8 SYSTEMPATH\CodeIgniter.php(361): CodeIgniter\CodeIgniter->handleRequest(null, Object(Config\Cache), false)
 9 FCPATH\index.php(79): CodeIgniter\CodeIgniter->run()
CRITICAL - 2024-01-23 07:26:15 --> ErrorException: Undefined variable: buku
in APPPATH\Views\admin\tabelDaftarBuku.php on line 141.
 1 APPPATH\Views\admin\tabelDaftarBuku.php(141): CodeIgniter\Debug\Exceptions->errorHandler(8, 'Undefined variable: buku', 'D:\\xampp\\htdocs\\ujian-kompetensi\\perpuskuy\\app\\Views\\admin\\tabelDaftarBuku.php', 141, [])
 2 SYSTEMPATH\View\View.php(228): include('D:\\xampp\\htdocs\\ujian-kompetensi\\perpuskuy\\app\\Views\\admin\\tabelDaftarBuku.php')
 3 SYSTEMPATH\View\View.php(231): CodeIgniter\View\View->CodeIgniter\View\{closure}()
 4 SYSTEMPATH\Common.php(1178): CodeIgniter\View\View->render('admin/tabelDaftarBuku', [], true)
 5 APPPATH\Controllers\Admin.php(22): view('admin/tabelDaftarBuku')
 6 SYSTEMPATH\CodeIgniter.php(941): App\Controllers\Admin->daftarBuku()
 7 SYSTEMPATH\CodeIgniter.php(502): CodeIgniter\CodeIgniter->runController(Object(App\Controllers\Admin))
 8 SYSTEMPATH\CodeIgniter.php(361): CodeIgniter\CodeIgniter->handleRequest(null, Object(Config\Cache), false)
 9 FCPATH\index.php(79): CodeIgniter\CodeIgniter->run()
CRITICAL - 2024-01-23 07:27:02 --> Error: Class 'App\Models\ModelBuku' not found
in APPPATH\Controllers\Home.php on line 17.
 1 SYSTEMPATH\CodeIgniter.php(941): App\Controllers\Home->index()
 2 SYSTEMPATH\CodeIgniter.php(502): CodeIgniter\CodeIgniter->runController(Object(App\Controllers\Home))
 3 SYSTEMPATH\CodeIgniter.php(361): CodeIgniter\CodeIgniter->handleRequest(null, Object(Config\Cache), false)
 4 FCPATH\index.php(79): CodeIgniter\CodeIgniter->run()
CRITICAL - 2024-01-23 07:27:36 --> ErrorException: Undefined variable: buku
in APPPATH\Views\admin\tabelDaftarBuku.php on line 141.
 1 APPPATH\Views\admin\tabelDaftarBuku.php(141): CodeIgniter\Debug\Exceptions->errorHandler(8, 'Undefined variable: buku', 'D:\\xampp\\htdocs\\ujian-kompetensi\\perpuskuy\\app\\Views\\admin\\tabelDaftarBuku.php', 141, [])
 2 SYSTEMPATH\View\View.php(228): include('D:\\xampp\\htdocs\\ujian-kompetensi\\perpuskuy\\app\\Views\\admin\\tabelDaftarBuku.php')
 3 SYSTEMPATH\View\View.php(231): CodeIgniter\View\View->CodeIgniter\View\{closure}()
 4 SYSTEMPATH\Common.php(1178): CodeIgniter\View\View->render('admin/tabelDaftarBuku', [], true)
 5 APPPATH\Controllers\Admin.php(22): view('admin/tabelDaftarBuku')
 6 SYSTEMPATH\CodeIgniter.php(941): App\Controllers\Admin->daftarBuku()
 7 SYSTEMPATH\CodeIgniter.php(502): CodeIgniter\CodeIgniter->runController(Object(App\Controllers\Admin))
 8 SYSTEMPATH\CodeIgniter.php(361): CodeIgniter\CodeIgniter->handleRequest(null, Object(Config\Cache), false)
 9 FCPATH\index.php(79): CodeIgniter\CodeIgniter->run()
CRITICAL - 2024-01-23 07:34:33 --> Error: Class 'App\Models\ModelBuku' not found
in APPPATH\Controllers\Admin.php on line 23.
 1 SYSTEMPATH\CodeIgniter.php(941): App\Controllers\Admin->daftarBuku()
 2 SYSTEMPATH\CodeIgniter.php(502): CodeIgniter\CodeIgniter->runController(Object(App\Controllers\Admin))
 3 SYSTEMPATH\CodeIgniter.php(361): CodeIgniter\CodeIgniter->handleRequest(null, Object(Config\Cache), false)
 4 FCPATH\index.php(79): CodeIgniter\CodeIgniter->run()
CRITICAL - 2024-01-23 07:38:05 --> Error: Class 'App\Models\ModelBuku' not found
in APPPATH\Controllers\Admin.php on line 15.
 1 SYSTEMPATH\CodeIgniter.php(913): App\Controllers\Admin->__construct()
 2 SYSTEMPATH\CodeIgniter.php(493): CodeIgniter\CodeIgniter->createController()
 3 SYSTEMPATH\CodeIgniter.php(361): CodeIgniter\CodeIgniter->handleRequest(null, Object(Config\Cache), false)
 4 FCPATH\index.php(79): CodeIgniter\CodeIgniter->run()
CRITICAL - 2024-01-23 07:39:07 --> Error: Class 'App\Models\ModelBuku' not found
in APPPATH\Controllers\Admin.php on line 15.
 1 SYSTEMPATH\CodeIgniter.php(913): App\Controllers\Admin->__construct()
 2 SYSTEMPATH\CodeIgniter.php(493): CodeIgniter\CodeIgniter->createController()
 3 SYSTEMPATH\CodeIgniter.php(361): CodeIgniter\CodeIgniter->handleRequest(null, Object(Config\Cache), false)
 4 FCPATH\index.php(79): CodeIgniter\CodeIgniter->run()
CRITICAL - 2024-01-23 07:39:36 --> Error: Class 'App\Models\ModelBuku' not found
in APPPATH\Controllers\Admin.php on line 23.
 1 SYSTEMPATH\CodeIgniter.php(941): App\Controllers\Admin->daftarBuku()
 2 SYSTEMPATH\CodeIgniter.php(502): CodeIgniter\CodeIgniter->runController(Object(App\Controllers\Admin))
 3 SYSTEMPATH\CodeIgniter.php(361): CodeIgniter\CodeIgniter->handleRequest(null, Object(Config\Cache), false)
 4 FCPATH\index.php(79): CodeIgniter\CodeIgniter->run()
CRITICAL - 2024-01-23 07:48:55 --> Error: Class 'App\Models\ModelBuku' not found
in APPPATH\Controllers\Admin.php on line 23.
 1 SYSTEMPATH\CodeIgniter.php(941): App\Controllers\Admin->daftarBuku()
 2 SYSTEMPATH\CodeIgniter.php(502): CodeIgniter\CodeIgniter->runController(Object(App\Controllers\Admin))
 3 SYSTEMPATH\CodeIgniter.php(361): CodeIgniter\CodeIgniter->handleRequest(null, Object(Config\Cache), false)
 4 FCPATH\index.php(79): CodeIgniter\CodeIgniter->run()
CRITICAL - 2024-01-23 07:58:44 --> Error: Class 'App\Models\ModelBuku' not found
in APPPATH\Controllers\Admin.php on line 15.
 1 SYSTEMPATH\CodeIgniter.php(913): App\Controllers\Admin->__construct()
 2 SYSTEMPATH\CodeIgniter.php(493): CodeIgniter\CodeIgniter->createController()
 3 SYSTEMPATH\CodeIgniter.php(361): CodeIgniter\CodeIgniter->handleRequest(null, Object(Config\Cache), false)
 4 FCPATH\index.php(79): CodeIgniter\CodeIgniter->run()
CRITICAL - 2024-01-23 10:00:48 --> ErrorException: unlink(D:\xampp\htdocs\ujian-kompetensi\perpuskuy\writable\debugbar/debugbar_1705996828.565298.json): No such file or directory
in SYSTEMPATH\Debug\Toolbar\Collectors\History.php on line 80.
 1 [internal function]: CodeIgniter\Debug\Exceptions->errorHandler(2, 'unlink(D:\\xampp\\htdocs\\ujian-kompetensi\\perpuskuy\\writable\\debugbar/debugbar_1705996828.565298.json): No such file or directory', 'D:\\xampp\\htdocs\\ujian-kompetensi\\perpuskuy\\system\\Debug\\Toolbar\\Collectors\\History.php', 80, [...])
 2 SYSTEMPATH\Debug\Toolbar\Collectors\History.php(80): unlink('D:\\xampp\\htdocs\\ujian-kompetensi\\perpuskuy\\writable\\debugbar/debugbar_1705996828.565298.json')
 3 SYSTEMPATH\Debug\Toolbar.php(498): CodeIgniter\Debug\Toolbar\Collectors\History->setFiles('1706004034.494117', 20)
 4 SYSTEMPATH\Debug\Toolbar.php(475): CodeIgniter\Debug\Toolbar->format([...], 'html')
 5 APPPATH\Config\Events.php(47): CodeIgniter\Debug\Toolbar->respond()
 6 SYSTEMPATH\Events\Events.php(154): CodeIgniter\Events\Events::Config\{closure}()
 7 SYSTEMPATH\CodeIgniter.php(442): CodeIgniter\Events\Events::trigger('pre_system')
 8 SYSTEMPATH\CodeIgniter.php(361): CodeIgniter\CodeIgniter->handleRequest(null, Object(Config\Cache), false)
 9 FCPATH\index.php(79): CodeIgniter\CodeIgniter->run()
CRITICAL - 2024-01-23 10:01:24 --> Error: Call to undefined method App\Controllers\Admin::generateAutoIncrement()
in APPPATH\Controllers\Admin.php on line 44.
 1 SYSTEMPATH\CodeIgniter.php(941): App\Controllers\Admin->tambahBuku()
 2 SYSTEMPATH\CodeIgniter.php(502): CodeIgniter\CodeIgniter->runController(Object(App\Controllers\Admin))
 3 SYSTEMPATH\CodeIgniter.php(361): CodeIgniter\CodeIgniter->handleRequest(null, Object(Config\Cache), false)
 4 FCPATH\index.php(79): CodeIgniter\CodeIgniter->run()
CRITICAL - 2024-01-23 10:02:44 --> CodeIgniter\Database\Exceptions\DataException: There is no data to insert.
in SYSTEMPATH\BaseModel.php on line 788.
 1 SYSTEMPATH\BaseModel.php(788): CodeIgniter\Database\Exceptions\DataException::forEmptyDataset('insert')
 2 SYSTEMPATH\Model.php(744): CodeIgniter\BaseModel->insert([], true)
 3 APPPATH\Models\ModelBuku.php(16): CodeIgniter\Model->insert([...])
 4 APPPATH\Controllers\Admin.php(49): App\Models\ModelBuku->saveBuku([...])
 5 SYSTEMPATH\CodeIgniter.php(941): App\Controllers\Admin->tambahBuku()
 6 SYSTEMPATH\CodeIgniter.php(502): CodeIgniter\CodeIgniter->runController(Object(App\Controllers\Admin))
 7 SYSTEMPATH\CodeIgniter.php(361): CodeIgniter\CodeIgniter->handleRequest(null, Object(Config\Cache), false)
 8 FCPATH\index.php(79): CodeIgniter\CodeIgniter->run()
CRITICAL - 2024-01-23 10:03:47 --> CodeIgniter\Database\Exceptions\DataException: There is no data to insert.
in SYSTEMPATH\BaseModel.php on line 788.
 1 SYSTEMPATH\BaseModel.php(788): CodeIgniter\Database\Exceptions\DataException::forEmptyDataset('insert')
 2 SYSTEMPATH\Model.php(744): CodeIgniter\BaseModel->insert([], true)
 3 APPPATH\Models\ModelBuku.php(16): CodeIgniter\Model->insert([...])
 4 APPPATH\Controllers\Admin.php(49): App\Models\ModelBuku->saveBuku([...])
 5 SYSTEMPATH\CodeIgniter.php(941): App\Controllers\Admin->tambahBuku()
 6 SYSTEMPATH\CodeIgniter.php(502): CodeIgniter\CodeIgniter->runController(Object(App\Controllers\Admin))
 7 SYSTEMPATH\CodeIgniter.php(361): CodeIgniter\CodeIgniter->handleRequest(null, Object(Config\Cache), false)
 8 FCPATH\index.php(79): CodeIgniter\CodeIgniter->run()
CRITICAL - 2024-01-23 10:06:41 --> CodeIgniter\Database\Exceptions\DataException: There is no data to insert.
in SYSTEMPATH\BaseModel.php on line 788.
 1 SYSTEMPATH\BaseModel.php(788): CodeIgniter\Database\Exceptions\DataException::forEmptyDataset('insert')
 2 SYSTEMPATH\Model.php(744): CodeIgniter\BaseModel->insert([], true)
 3 APPPATH\Models\ModelBuku.php(16): CodeIgniter\Model->insert([...])
 4 APPPATH\Controllers\Admin.php(49): App\Models\ModelBuku->saveBuku([...])
 5 SYSTEMPATH\CodeIgniter.php(941): App\Controllers\Admin->tambahBuku()
 6 SYSTEMPATH\CodeIgniter.php(502): CodeIgniter\CodeIgniter->runController(Object(App\Controllers\Admin))
 7 SYSTEMPATH\CodeIgniter.php(361): CodeIgniter\CodeIgniter->handleRequest(null, Object(Config\Cache), false)
 8 FCPATH\index.php(79): CodeIgniter\CodeIgniter->run()
CRITICAL - 2024-01-23 10:21:13 --> Error: Call to undefined method App\Controllers\Admin::generateAutoIncrement()
in APPPATH\Controllers\Admin.php on line 39.
 1 SYSTEMPATH\CodeIgniter.php(941): App\Controllers\Admin->tambahBuku()
 2 SYSTEMPATH\CodeIgniter.php(502): CodeIgniter\CodeIgniter->runController(Object(App\Controllers\Admin))
 3 SYSTEMPATH\CodeIgniter.php(361): CodeIgniter\CodeIgniter->handleRequest(null, Object(Config\Cache), false)
 4 FCPATH\index.php(79): CodeIgniter\CodeIgniter->run()
CRITICAL - 2024-01-23 10:23:26 --> ErrorException: Undefined index: ID
in APPPATH\Views\admin\tabelDaftarBuku.php on line 143.
 1 APPPATH\Views\admin\tabelDaftarBuku.php(143): CodeIgniter\Debug\Exceptions->errorHandler(8, 'Undefined index: ID', 'D:\\xampp\\htdocs\\ujian-kompetensi\\perpuskuy\\app\\Views\\admin\\tabelDaftarBuku.php', 143, [...])
 2 SYSTEMPATH\View\View.php(228): include('D:\\xampp\\htdocs\\ujian-kompetensi\\perpuskuy\\app\\Views\\admin\\tabelDaftarBuku.php')
 3 SYSTEMPATH\View\View.php(231): CodeIgniter\View\View->CodeIgniter\View\{closure}()
 4 SYSTEMPATH\Common.php(1178): CodeIgniter\View\View->render('admin/tabelDaftarBuku', [], true)
 5 APPPATH\Controllers\Admin.php(26): view('admin/tabelDaftarBuku', [...])
 6 SYSTEMPATH\CodeIgniter.php(941): App\Controllers\Admin->daftarBuku()
 7 SYSTEMPATH\CodeIgniter.php(502): CodeIgniter\CodeIgniter->runController(Object(App\Controllers\Admin))
 8 SYSTEMPATH\CodeIgniter.php(361): CodeIgniter\CodeIgniter->handleRequest(null, Object(Config\Cache), false)
 9 FCPATH\index.php(79): CodeIgniter\CodeIgniter->run()
INFO - 2024-01-23 13:05:15 --> Session: Class initialized using 'CodeIgniter\Session\Handlers\FileHandler' driver.
INFO - 2024-01-23 13:05:21 --> Session: Class initialized using 'CodeIgniter\Session\Handlers\FileHandler' driver.
INFO - 2024-01-23 13:55:04 --> Session: Class initialized using 'CodeIgniter\Session\Handlers\FileHandler' driver.
INFO - 2024-01-23 13:55:10 --> Session: Class initialized using 'CodeIgniter\Session\Handlers\FileHandler' driver.
INFO - 2024-01-23 13:55:34 --> Session: Class initialized using 'CodeIgniter\Session\Handlers\FileHandler' driver.
INFO - 2024-01-23 13:58:59 --> Session: Class initialized using 'CodeIgniter\Session\Handlers\FileHandler' driver.
CRITICAL - 2024-01-23 13:58:59 --> ErrorException: Undefined variable: item
in APPPATH\Views\daftarBuku.php on line 13.
 1 APPPATH\Views\daftarBuku.php(13): CodeIgniter\Debug\Exceptions->errorHandler(8, 'Undefined variable: item', 'D:\\xampp\\htdocs\\ujian-kompetensi\\perpuskuy\\app\\Views\\daftarBuku.php', 13, [])
 2 SYSTEMPATH\View\View.php(228): include('D:\\xampp\\htdocs\\ujian-kompetensi\\perpuskuy\\app\\Views\\daftarBuku.php')
 3 SYSTEMPATH\View\View.php(231): CodeIgniter\View\View->CodeIgniter\View\{closure}()
 4 SYSTEMPATH\Common.php(1178): CodeIgniter\View\View->render('daftarBuku', [], true)
 5 APPPATH\Controllers\Home.php(30): view('daftarBuku')
 6 SYSTEMPATH\CodeIgniter.php(941): App\Controllers\Home->daftarBuku()
 7 SYSTEMPATH\CodeIgniter.php(502): CodeIgniter\CodeIgniter->runController(Object(App\Controllers\Home))
 8 SYSTEMPATH\CodeIgniter.php(361): CodeIgniter\CodeIgniter->handleRequest(null, Object(Config\Cache), false)
 9 FCPATH\index.php(79): CodeIgniter\CodeIgniter->run()
INFO - 2024-01-23 14:00:14 --> Session: Class initialized using 'CodeIgniter\Session\Handlers\FileHandler' driver.
CRITICAL - 2024-01-23 14:00:14 --> ErrorException: Undefined variable: buku
in APPPATH\Views\daftarBuku.php on line 12.
 1 APPPATH\Views\daftarBuku.php(12): CodeIgniter\Debug\Exceptions->errorHandler(8, 'Undefined variable: buku', 'D:\\xampp\\htdocs\\ujian-kompetensi\\perpuskuy\\app\\Views\\daftarBuku.php', 12, [])
 2 SYSTEMPATH\View\View.php(228): include('D:\\xampp\\htdocs\\ujian-kompetensi\\perpuskuy\\app\\Views\\daftarBuku.php')
 3 SYSTEMPATH\View\View.php(231): CodeIgniter\View\View->CodeIgniter\View\{closure}()
 4 SYSTEMPATH\Common.php(1178): CodeIgniter\View\View->render('daftarBuku', [], true)
 5 APPPATH\Controllers\Home.php(30): view('daftarBuku')
 6 SYSTEMPATH\CodeIgniter.php(941): App\Controllers\Home->daftarBuku()
 7 SYSTEMPATH\CodeIgniter.php(502): CodeIgniter\CodeIgniter->runController(Object(App\Controllers\Home))
 8 SYSTEMPATH\CodeIgniter.php(361): CodeIgniter\CodeIgniter->handleRequest(null, Object(Config\Cache), false)
 9 FCPATH\index.php(79): CodeIgniter\CodeIgniter->run()
INFO - 2024-01-23 14:01:52 --> Session: Class initialized using 'CodeIgniter\Session\Handlers\FileHandler' driver.
CRITICAL - 2024-01-23 14:01:52 --> ErrorException: Undefined variable: buku
in APPPATH\Views\daftarBuku.php on line 12.
 1 APPPATH\Views\daftarBuku.php(12): CodeIgniter\Debug\Exceptions->errorHandler(8, 'Undefined variable: buku', 'D:\\xampp\\htdocs\\ujian-kompetensi\\perpuskuy\\app\\Views\\daftarBuku.php', 12, [])
 2 SYSTEMPATH\View\View.php(228): include('D:\\xampp\\htdocs\\ujian-kompetensi\\perpuskuy\\app\\Views\\daftarBuku.php')
 3 SYSTEMPATH\View\View.php(231): CodeIgniter\View\View->CodeIgniter\View\{closure}()
 4 SYSTEMPATH\Common.php(1178): CodeIgniter\View\View->render('daftarBuku', [], true)
 5 APPPATH\Controllers\Home.php(30): view('daftarBuku')
 6 SYSTEMPATH\CodeIgniter.php(941): App\Controllers\Home->daftarBuku()
 7 SYSTEMPATH\CodeIgniter.php(502): CodeIgniter\CodeIgniter->runController(Object(App\Controllers\Home))
 8 SYSTEMPATH\CodeIgniter.php(361): CodeIgniter\CodeIgniter->handleRequest(null, Object(Config\Cache), false)
 9 FCPATH\index.php(79): CodeIgniter\CodeIgniter->run()
INFO - 2024-01-23 14:02:46 --> Session: Class initialized using 'CodeIgniter\Session\Handlers\FileHandler' driver.
INFO - 2024-01-23 14:12:02 --> Session: Class initialized using 'CodeIgniter\Session\Handlers\FileHandler' driver.
INFO - 2024-01-23 14:42:52 --> Session: Class initialized using 'CodeIgniter\Session\Handlers\FileHandler' driver.
INFO - 2024-01-23 14:58:32 --> Session: Class initialized using 'CodeIgniter\Session\Handlers\FileHandler' driver.
INFO - 2024-01-23 14:59:16 --> Session: Class initialized using 'CodeIgniter\Session\Handlers\FileHandler' driver.
INFO - 2024-01-23 14:59:21 --> Session: Class initialized using 'CodeIgniter\Session\Handlers\FileHandler' driver.
INFO - 2024-01-23 14:59:47 --> Session: Class initialized using 'CodeIgniter\Session\Handlers\FileHandler' driver.
INFO - 2024-01-23 14:59:53 --> Session: Class initialized using 'CodeIgniter\Session\Handlers\FileHandler' driver.
INFO - 2024-01-23 14:59:54 --> Session: Class initialized using 'CodeIgniter\Session\Handlers\FileHandler' driver.
INFO - 2024-01-23 15:00:00 --> Session: Class initialized using 'CodeIgniter\Session\Handlers\FileHandler' driver.
INFO - 2024-01-23 15:00:05 --> Session: Class initialized using 'CodeIgniter\Session\Handlers\FileHandler' driver.
INFO - 2024-01-23 15:03:20 --> Session: Class initialized using 'CodeIgniter\Session\Handlers\FileHandler' driver.
INFO - 2024-01-23 15:03:36 --> Session: Class initialized using 'CodeIgniter\Session\Handlers\FileHandler' driver.
INFO - 2024-01-23 15:03:44 --> Session: Class initialized using 'CodeIgniter\Session\Handlers\FileHandler' driver.
INFO - 2024-01-23 15:05:18 --> Session: Class initialized using 'CodeIgniter\Session\Handlers\FileHandler' driver.
INFO - 2024-01-23 15:05:27 --> Session: Class initialized using 'CodeIgniter\Session\Handlers\FileHandler' driver.
INFO - 2024-01-23 15:05:58 --> Session: Class initialized using 'CodeIgniter\Session\Handlers\FileHandler' driver.
INFO - 2024-01-23 15:06:27 --> Session: Class initialized using 'CodeIgniter\Session\Handlers\FileHandler' driver.
INFO - 2024-01-23 15:06:53 --> Session: Class initialized using 'CodeIgniter\Session\Handlers\FileHandler' driver.
INFO - 2024-01-23 15:07:16 --> Session: Class initialized using 'CodeIgniter\Session\Handlers\FileHandler' driver.
INFO - 2024-01-23 15:08:46 --> Session: Class initialized using 'CodeIgniter\Session\Handlers\FileHandler' driver.
INFO - 2024-01-23 15:08:59 --> Session: Class initialized using 'CodeIgniter\Session\Handlers\FileHandler' driver.
INFO - 2024-01-23 15:09:21 --> Session: Class initialized using 'CodeIgniter\Session\Handlers\FileHandler' driver.
INFO - 2024-01-23 15:10:04 --> Session: Class initialized using 'CodeIgniter\Session\Handlers\FileHandler' driver.
INFO - 2024-01-23 15:10:13 --> Session: Class initialized using 'CodeIgniter\Session\Handlers\FileHandler' driver.
INFO - 2024-01-23 15:10:50 --> Session: Class initialized using 'CodeIgniter\Session\Handlers\FileHandler' driver.
INFO - 2024-01-23 15:10:52 --> Session: Class initialized using 'CodeIgniter\Session\Handlers\FileHandler' driver.
INFO - 2024-01-23 15:32:27 --> Session: Class initialized using 'CodeIgniter\Session\Handlers\FileHandler' driver.
INFO - 2024-01-23 15:32:28 --> Session: Class initialized using 'CodeIgniter\Session\Handlers\FileHandler' driver.
INFO - 2024-01-23 15:32:50 --> Session: Class initialized using 'CodeIgniter\Session\Handlers\FileHandler' driver.
INFO - 2024-01-23 15:32:51 --> Session: Class initialized using 'CodeIgniter\Session\Handlers\FileHandler' driver.
INFO - 2024-01-23 15:32:56 --> Session: Class initialized using 'CodeIgniter\Session\Handlers\FileHandler' driver.
INFO - 2024-01-23 15:33:24 --> Session: Class initialized using 'CodeIgniter\Session\Handlers\FileHandler' driver.
INFO - 2024-01-23 15:33:48 --> Session: Class initialized using 'CodeIgniter\Session\Handlers\FileHandler' driver.
INFO - 2024-01-23 15:35:12 --> Session: Class initialized using 'CodeIgniter\Session\Handlers\FileHandler' driver.
INFO - 2024-01-23 15:35:52 --> Session: Class initialized using 'CodeIgniter\Session\Handlers\FileHandler' driver.
INFO - 2024-01-23 15:36:22 --> Session: Class initialized using 'CodeIgniter\Session\Handlers\FileHandler' driver.
INFO - 2024-01-23 15:38:29 --> Session: Class initialized using 'CodeIgniter\Session\Handlers\FileHandler' driver.
INFO - 2024-01-23 15:48:50 --> Session: Class initialized using 'CodeIgniter\Session\Handlers\FileHandler' driver.
INFO - 2024-01-23 23:25:00 --> Session: Class initialized using 'CodeIgniter\Session\Handlers\FileHandler' driver.
INFO - 2024-01-23 23:25:17 --> Session: Class initialized using 'CodeIgniter\Session\Handlers\FileHandler' driver.
INFO - 2024-01-23 23:25:55 --> Session: Class initialized using 'CodeIgniter\Session\Handlers\FileHandler' driver.
INFO - 2024-01-23 23:26:06 --> Session: Class initialized using 'CodeIgniter\Session\Handlers\FileHandler' driver.
